<?xml version="1.0" encoding="UTF-8"?>
<!-- Generated by org.testng.reporters.JUnitXMLReporter -->
<testsuite ignored="0" hostname="LTIN207918" failures="0" tests="9" name="ChromeTest1" time="43.649" errors="0" timestamp="2024-04-04T17:39:12 IST">
  <testcase classname="projectTestCases.ProductPageTestCases" name="@BeforeTest beforeTest" time="43.375">
    <failure type="org.openqa.selenium.NoSuchWindowException" message="no such window: target window already closed
from unknown error: web view not found
  (Session info: chrome=120.0.6099.130)
Build info: version: &amp;apos;4.18.1&amp;apos;, revision: &amp;apos;b1d3319b48&amp;apos;
System info: os.name: &amp;apos;Windows 11&amp;apos;, os.arch: &amp;apos;amd64&amp;apos;, os.version: &amp;apos;10.0&amp;apos;, java.version: &amp;apos;17.0.9&amp;apos;
Driver info: org.openqa.selenium.chrome.ChromeDriver
Command: [b467e918d3f22acfe47683d840312955, maximizeCurrentWindow {}]
Capabilities {acceptInsecureCerts: false, browserName: chrome, browserVersion: 120.0.6099.130, chrome: {chromedriverVersion: 120.0.6099.109 (3419140ab66..., userDataDir: C:\Windows\SystemTemp\scope...}, fedcm:accounts: true, goog:chromeOptions: {debuggerAddress: localhost:65080}, networkConnectionEnabled: false, pageLoadStrategy: normal, platformName: windows, proxy: Proxy(), se:cdp: ws://localhost:65080/devtoo..., se:cdpVersion: 120.0.6099.130, setWindowRect: true, strictFileInteractability: false, timeouts: {implicit: 0, pageLoad: 300000, script: 30000}, unhandledPromptBehavior: dismiss and notify, webauthn:extension:credBlob: true, webauthn:extension:largeBlob: true, webauthn:extension:minPinLength: true, webauthn:extension:prf: true, webauthn:virtualAuthenticators: true}
Session ID: b467e918d3f22acfe47683d840312955">
      <![CDATA[org.openqa.selenium.NoSuchWindowException: no such window: target window already closed
from unknown error: web view not found
  (Session info: chrome=120.0.6099.130)
Build info: version: '4.18.1', revision: 'b1d3319b48'
System info: os.name: 'Windows 11', os.arch: 'amd64', os.version: '10.0', java.version: '17.0.9'
Driver info: org.openqa.selenium.chrome.ChromeDriver
Command: [b467e918d3f22acfe47683d840312955, maximizeCurrentWindow {}]
Capabilities {acceptInsecureCerts: false, browserName: chrome, browserVersion: 120.0.6099.130, chrome: {chromedriverVersion: 120.0.6099.109 (3419140ab66..., userDataDir: C:\Windows\SystemTemp\scope...}, fedcm:accounts: true, goog:chromeOptions: {debuggerAddress: localhost:65080}, networkConnectionEnabled: false, pageLoadStrategy: normal, platformName: windows, proxy: Proxy(), se:cdp: ws://localhost:65080/devtoo..., se:cdpVersion: 120.0.6099.130, setWindowRect: true, strictFileInteractability: false, timeouts: {implicit: 0, pageLoad: 300000, script: 30000}, unhandledPromptBehavior: dismiss and notify, webauthn:extension:credBlob: true, webauthn:extension:largeBlob: true, webauthn:extension:minPinLength: true, webauthn:extension:prf: true, webauthn:virtualAuthenticators: true}
Session ID: b467e918d3f22acfe47683d840312955
at org.openqa.selenium.remote.ErrorCodec.decode(ErrorCodec.java:167)
at org.openqa.selenium.remote.codec.w3c.W3CHttpResponseCodec.decode(W3CHttpResponseCodec.java:138)
at org.openqa.selenium.remote.codec.w3c.W3CHttpResponseCodec.decode(W3CHttpResponseCodec.java:50)
at org.openqa.selenium.remote.HttpCommandExecutor.execute(HttpCommandExecutor.java:190)
at org.openqa.selenium.remote.service.DriverCommandExecutor.invokeExecute(DriverCommandExecutor.java:216)
at org.openqa.selenium.remote.service.DriverCommandExecutor.execute(DriverCommandExecutor.java:174)
at org.openqa.selenium.remote.RemoteWebDriver.execute(RemoteWebDriver.java:519)
at org.openqa.selenium.remote.RemoteWebDriver.execute(RemoteWebDriver.java:592)
at org.openqa.selenium.remote.RemoteWebDriver.execute(RemoteWebDriver.java:596)
at org.openqa.selenium.remote.RemoteWebDriver$RemoteWebDriverOptions$RemoteWindow.maximize(RemoteWebDriver.java:1035)
at projectTestCases.ProductPageTestCases.beforeTest(ProductPageTestCases.java:49)
... Removed 29 stack frames]]>
    </failure>
  </testcase> <!-- @BeforeTest beforeTest -->
  <testcase classname="projectTestCases.ProductPageTestCases" name="@BeforeMethod beforeMethod" time="-1.712232552607E9">
    <skipped/>
  </testcase> <!-- @BeforeMethod beforeMethod -->
  <testcase classname="projectTestCases.ProductPageTestCases" name="@AfterMethod afterMethod" time="-1.712232552623E9">
    <skipped/>
  </testcase> <!-- @AfterMethod afterMethod -->
  <testcase classname="utilities.ReportGenerator" name="@AfterMethod getResult" time="-1.712232552634E9">
    <skipped/>
  </testcase> <!-- @AfterMethod getResult -->
  <testcase classname="projectTestCases.ProductPageTestCases" name="@BeforeMethod beforeMethod" time="-1.712232552642E9">
    <skipped/>
  </testcase> <!-- @BeforeMethod beforeMethod -->
  <testcase classname="projectTestCases.ProductPageTestCases" name="@AfterMethod afterMethod" time="-1.712232552654E9">
    <skipped/>
  </testcase> <!-- @AfterMethod afterMethod -->
  <testcase classname="utilities.ReportGenerator" name="@AfterMethod getResult" time="-1.712232552656E9">
    <skipped/>
  </testcase> <!-- @AfterMethod getResult -->
  <testcase classname="projectTestCases.ProductPageTestCases" name="@BeforeMethod beforeMethod" time="-1.712232552659E9">
    <skipped/>
  </testcase> <!-- @BeforeMethod beforeMethod -->
  <testcase classname="projectTestCases.ProductPageTestCases" name="@AfterMethod afterMethod" time="-1.712232552668E9">
    <skipped/>
  </testcase> <!-- @AfterMethod afterMethod -->
  <testcase classname="utilities.ReportGenerator" name="@AfterMethod getResult" time="-1.712232552671E9">
    <skipped/>
  </testcase> <!-- @AfterMethod getResult -->
  <testcase classname="projectTestCases.ProductPageTestCases" name="@BeforeMethod beforeMethod" time="-1.712232552675E9">
    <skipped/>
  </testcase> <!-- @BeforeMethod beforeMethod -->
  <testcase classname="projectTestCases.ProductPageTestCases" name="@AfterMethod afterMethod" time="-1.712232552689E9">
    <skipped/>
  </testcase> <!-- @AfterMethod afterMethod -->
  <testcase classname="utilities.ReportGenerator" name="@AfterMethod getResult" time="-1.71223255269E9">
    <skipped/>
  </testcase> <!-- @AfterMethod getResult -->
  <testcase classname="projectTestCases.ProductPageTestCases" name="@BeforeMethod beforeMethod" time="-1.712232552693E9">
    <skipped/>
  </testcase> <!-- @BeforeMethod beforeMethod -->
  <testcase classname="projectTestCases.ProductPageTestCases" name="@AfterMethod afterMethod" time="-1.712232552703E9">
    <skipped/>
  </testcase> <!-- @AfterMethod afterMethod -->
  <testcase classname="utilities.ReportGenerator" name="@AfterMethod getResult" time="-1.712232552706E9">
    <skipped/>
  </testcase> <!-- @AfterMethod getResult -->
  <testcase classname="projectTestCases.ProductPageTestCases" name="@BeforeMethod beforeMethod" time="-1.712232552708E9">
    <skipped/>
  </testcase> <!-- @BeforeMethod beforeMethod -->
  <testcase classname="projectTestCases.ProductPageTestCases" name="@AfterMethod afterMethod" time="-1.712232552718E9">
    <skipped/>
  </testcase> <!-- @AfterMethod afterMethod -->
  <testcase classname="utilities.ReportGenerator" name="@AfterMethod getResult" time="-1.71223255272E9">
    <skipped/>
  </testcase> <!-- @AfterMethod getResult -->
  <testcase classname="projectTestCases.ProductPageTestCases" name="@BeforeMethod beforeMethod" time="-1.712232552723E9">
    <skipped/>
  </testcase> <!-- @BeforeMethod beforeMethod -->
  <testcase classname="projectTestCases.ProductPageTestCases" name="@AfterMethod afterMethod" time="-1.712232552732E9">
    <skipped/>
  </testcase> <!-- @AfterMethod afterMethod -->
  <testcase classname="utilities.ReportGenerator" name="@AfterMethod getResult" time="-1.712232552734E9">
    <skipped/>
  </testcase> <!-- @AfterMethod getResult -->
  <testcase classname="projectTestCases.ProductPageTestCases" name="@BeforeMethod beforeMethod" time="-1.712232552737E9">
    <skipped/>
  </testcase> <!-- @BeforeMethod beforeMethod -->
  <testcase classname="projectTestCases.ProductPageTestCases" name="@AfterMethod afterMethod" time="-1.712232552743E9">
    <skipped/>
  </testcase> <!-- @AfterMethod afterMethod -->
  <testcase classname="utilities.ReportGenerator" name="@AfterMethod getResult" time="-1.712232552745E9">
    <skipped/>
  </testcase> <!-- @AfterMethod getResult -->
  <testcase classname="projectTestCases.ProductPageTestCases" name="@BeforeMethod beforeMethod" time="-1.712232552747E9">
    <skipped/>
  </testcase> <!-- @BeforeMethod beforeMethod -->
  <testcase classname="projectTestCases.ProductPageTestCases" name="@AfterMethod afterMethod" time="-1.712232552753E9">
    <skipped/>
  </testcase> <!-- @AfterMethod afterMethod -->
  <testcase classname="utilities.ReportGenerator" name="@AfterMethod getResult" time="-1.712232552755E9">
    <skipped/>
  </testcase> <!-- @AfterMethod getResult -->
  <testcase classname="projectTestCases.ProductPageTestCases" name="@AfterTest afterTest" time="-1.712232552757E9">
    <skipped/>
  </testcase> <!-- @AfterTest afterTest -->
  <testcase classname="projectTestCases.ProductPageTestCases" name="checkHomePageUrlTest" time="0.0">
    <skipped/>
  </testcase> <!-- checkHomePageUrlTest -->
  <testcase classname="projectTestCases.ProductPageTestCases" name="clickBookShelfTest" time="0.0">
    <skipped/>
  </testcase> <!-- clickBookShelfTest -->
  <testcase classname="projectTestCases.ProductPageTestCases" name="checkProductPageUrlTest" time="0.0">
    <skipped/>
  </testcase> <!-- checkProductPageUrlTest -->
  <testcase classname="projectTestCases.ProductPageTestCases" name="checkProductPageTitleTest" time="0.0">
    <skipped/>
  </testcase> <!-- checkProductPageTitleTest -->
  <testcase classname="projectTestCases.ProductPageTestCases" name="popupTest" time="0.0">
    <skipped/>
  </testcase> <!-- popupTest -->
  <testcase classname="projectTestCases.ProductPageTestCases" name="PriceSliderTest" time="0.0">
    <skipped/>
  </testcase> <!-- PriceSliderTest -->
  <testcase classname="projectTestCases.ProductPageTestCases" name="StorageTypeTest" time="0.0">
    <skipped/>
  </testcase> <!-- StorageTypeTest -->
  <testcase classname="projectTestCases.ProductPageTestCases" name="ExcludeOutOfStockTest" time="0.0">
    <skipped/>
  </testcase> <!-- ExcludeOutOfStockTest -->
  <testcase classname="projectTestCases.ProductPageTestCases" name="listOfProductsTest" time="0.0">
    <skipped/>
  </testcase> <!-- listOfProductsTest -->
</testsuite> <!-- ChromeTest1 -->
